<?xml version="1.0" encoding="UTF-8"?>
<!-- Generated by org.testng.reporters.JUnitReportReporter -->
<testsuite hostname="Dhawals-MacBook-Air.local" failures="0" tests="1" name="SeleniumFrameworkProject.E2ETesting.AppTest" time="0.003" errors="0" timestamp="2022-02-04T19:44:02 IST" skipped="0">
  <testcase classname="SeleniumFrameworkProject.E2ETesting.AppTest" name="shouldAnswerWithTrue" time="0.003"/>
  <system-out/>
</testsuite> <!-- SeleniumFrameworkProject.E2ETesting.AppTest -->
